# JRE version: 7.0_15-b03
# Java VM: Java HotSpot(TM) 64-Bit Server VM (23.7-b01 mixed mode bsd-amd64 compressed oops)
Heap
 PSYoungGen      total 571072K, used 43911K [0x000000015e980000, 0x0000000182ed0000, 0x0000000182ed0000)
  eden space 546880K, 8% used [0x000000015e980000,0x0000000161461e58,0x000000017ff90000)
  from space 24192K, 0% used [0x000000017ff90000,0x000000017ff90000,0x0000000181730000)
  to   space 24064K, 0% used [0x0000000181750000,0x0000000181750000,0x0000000182ed0000)
 ParOldGen       total 126592K, used 61097K [0x0000000115ed0000, 0x000000011da70000, 0x000000015e980000)
  object space 126592K, 48% used [0x0000000115ed0000,0x0000000119a7a788,0x000000011da70000)
 PSPermGen       total 21248K, used 3987K [0x0000000110cd0000, 0x0000000112190000, 0x0000000115ed0000)
  object space 21248K, 18% used [0x0000000110cd0000,0x00000001110b4d18,0x0000000112190000)
GC Heap History (10 events):
Event: 2.051 GC heap before
{Heap before GC invocations=8 (full 0):
 PSYoungGen      total 246720K, used 228330K [0x000000015e980000, 0x000000017cae0000, 0x0000000182ed0000)
  eden space 223616K, 100% used [0x000000015e980000,0x000000016c3e0000,0x000000016c3e0000)
  from space 23104K, 20% used [0x000000016c3e0000,0x000000016c87a868,0x000000016da70000)
  to   space 22848K, 0% used [0x000000017b490000,0x000000017b490000,0x000000017cae0000)
 ParOldGen       total 74368K, used 40181K [0x0000000115ed0000, 0x000000011a770000, 0x000000015e980000)
  object space 74368K, 54% used [0x0000000115ed0000,0x000000011860d5a8,0x000000011a770000)
 PSPermGen       total 21248K, used 3159K [0x0000000110cd0000, 0x0000000112190000, 0x0000000115ed0000)
  object space 21248K, 14% used [0x0000000110cd0000,0x0000000110fe5f10,0x0000000112190000)
Event: 2.054 GC heap after
Heap after GC invocations=8 (full 0):
 PSYoungGen      total 469952K, used 3136K [0x000000015e980000, 0x000000017cac0000, 0x0000000182ed0000)
  eden space 447232K, 0% used [0x000000015e980000,0x000000015e980000,0x0000000179e40000)
  from space 22720K, 13% used [0x000000017b490000,0x000000017b7a0000,0x000000017cac0000)
  to   space 22784K, 0% used [0x0000000179e40000,0x0000000179e40000,0x000000017b480000)
 ParOldGen       total 74368K, used 42387K [0x0000000115ed0000, 0x000000011a770000, 0x000000015e980000)
  object space 74368K, 56% used [0x0000000115ed0000,0x0000000118834fc0,0x000000011a770000)
 PSPermGen       total 21248K, used 3159K [0x0000000110cd0000, 0x0000000112190000, 0x0000000115ed0000)
  object space 21248K, 14% used [0x0000000110cd0000,0x0000000110fe5f10,0x0000000112190000)
}
Event: 2.917 GC heap before
{Heap before GC invocations=9 (full 0):
 PSYoungGen      total 469952K, used 450368K [0x000000015e980000, 0x000000017cac0000, 0x0000000182ed0000)
  eden space 447232K, 100% used [0x000000015e980000,0x0000000179e40000,0x0000000179e40000)
  from space 22720K, 13% used [0x000000017b490000,0x000000017b7a0000,0x000000017cac0000)
  to   space 22784K, 0% used [0x0000000179e40000,0x0000000179e40000,0x000000017b480000)
 ParOldGen       total 74368K, used 42387K [0x0000000115ed0000, 0x000000011a770000, 0x000000015e980000)
  object space 74368K, 56% used [0x0000000115ed0000,0x0000000118834fc0,0x000000011a770000)
 PSPermGen       total 21248K, used 3159K [0x0000000110cd0000, 0x0000000112190000, 0x0000000115ed0000)
  object space 21248K, 14% used [0x0000000110cd0000,0x0000000110fe5f10,0x0000000112190000)
Event: 2.920 GC heap after
Heap after GC invocations=9 (full 0):
 PSYoungGen      total 470016K, used 2176K [0x000000015e980000, 0x0000000182ea0000, 0x0000000182ed0000)
  eden space 447232K, 0% used [0x000000015e980000,0x000000015e980000,0x0000000179e40000)
  from space 22784K, 9% used [0x0000000179e40000,0x000000017a060000,0x000000017b480000)
  to   space 22656K, 0% used [0x0000000181880000,0x0000000181880000,0x0000000182ea0000)
 ParOldGen       total 74368K, used 44158K [0x0000000115ed0000, 0x000000011a770000, 0x000000015e980000)
  object space 74368K, 59% used [0x0000000115ed0000,0x00000001189ef800,0x000000011a770000)
 PSPermGen       total 21248K, used 3159K [0x0000000110cd0000, 0x0000000112190000, 0x0000000115ed0000)
  object space 21248K, 14% used [0x0000000110cd0000,0x0000000110fe5f10,0x0000000112190000)
}
Event: 3.677 GC heap before
{Heap before GC invocations=10 (full 0):
 PSYoungGen      total 470016K, used 449408K [0x000000015e980000, 0x0000000182ea0000, 0x0000000182ed0000)
  eden space 447232K, 100% used [0x000000015e980000,0x0000000179e40000,0x0000000179e40000)
  from space 22784K, 9% used [0x0000000179e40000,0x000000017a060000,0x000000017b480000)
  to   space 22656K, 0% used [0x0000000181880000,0x0000000181880000,0x0000000182ea0000)
 ParOldGen       total 74368K, used 44158K [0x0000000115ed0000, 0x000000011a770000, 0x000000015e980000)
  object space 74368K, 59% used [0x0000000115ed0000,0x00000001189ef800,0x000000011a770000)
 PSPermGen       total 21248K, used 3946K [0x0000000110cd0000, 0x0000000112190000, 0x0000000115ed0000)
  object space 21248K, 18% used [0x0000000110cd0000,0x00000001110aa9d8,0x0000000112190000)
Event: 3.690 GC heap after
Heap after GC invocations=10 (full 0):
 PSYoungGen      total 569536K, used 16561K [0x000000015e980000, 0x0000000182ed0000, 0x0000000182ed0000)
  eden space 546880K, 0% used [0x000000015e980000,0x000000015e980000,0x000000017ff90000)
  from space 22656K, 73% used [0x0000000181880000,0x00000001828ac748,0x0000000182ea0000)
  to   space 24192K, 0% used [0x000000017ff90000,0x000000017ff90000,0x0000000181730000)
 ParOldGen       total 74368K, used 45198K [0x0000000115ed0000, 0x000000011a770000, 0x000000015e980000)
  object space 74368K, 60% used [0x0000000115ed0000,0x0000000118af3800,0x000000011a770000)
 PSPermGen       total 21248K, used 3946K [0x0000000110cd0000, 0x0000000112190000, 0x0000000115ed0000)
  object space 21248K, 18% used [0x0000000110cd0000,0x00000001110aa9d8,0x0000000112190000)
}
Event: 4.270 GC heap before
{Heap before GC invocations=11 (full 0):
 PSYoungGen      total 569536K, used 563441K [0x000000015e980000, 0x0000000182ed0000, 0x0000000182ed0000)
  eden space 546880K, 100% used [0x000000015e980000,0x000000017ff90000,0x000000017ff90000)
  from space 22656K, 73% used [0x0000000181880000,0x00000001828ac748,0x0000000182ea0000)
  to   space 24192K, 0% used [0x000000017ff90000,0x000000017ff90000,0x0000000181730000)
 ParOldGen       total 74368K, used 45198K [0x0000000115ed0000, 0x000000011a770000, 0x000000015e980000)
  object space 74368K, 60% used [0x0000000115ed0000,0x0000000118af3800,0x000000011a770000)
 PSPermGen       total 21248K, used 3947K [0x0000000110cd0000, 0x0000000112190000, 0x0000000115ed0000)
  object space 21248K, 18% used [0x0000000110cd0000,0x00000001110aafe8,0x0000000112190000)
Event: 4.281 GC heap after
Heap after GC invocations=11 (full 0):
 PSYoungGen      total 571072K, used 1376K [0x000000015e980000, 0x0000000182ed0000, 0x0000000182ed0000)
  eden space 546880K, 0% used [0x000000015e980000,0x000000015e980000,0x000000017ff90000)
  from space 24192K, 5% used [0x000000017ff90000,0x00000001800e8000,0x0000000181730000)
  to   space 24064K, 0% used [0x0000000181750000,0x0000000181750000,0x0000000182ed0000)
 ParOldGen       total 74368K, used 61086K [0x0000000115ed0000, 0x000000011a770000, 0x000000015e980000)
  object space 74368K, 82% used [0x0000000115ed0000,0x0000000119a77808,0x000000011a770000)
 PSPermGen       total 21248K, used 3947K [0x0000000110cd0000, 0x0000000112190000, 0x0000000115ed0000)
  object space 21248K, 18% used [0x0000000110cd0000,0x00000001110aafe8,0x0000000112190000)
}
Event: 4.281 GC heap before
{Heap before GC invocations=12 (full 1):
 PSYoungGen      total 571072K, used 1376K [0x000000015e980000, 0x0000000182ed0000, 0x0000000182ed0000)
  eden space 546880K, 0% used [0x000000015e980000,0x000000015e980000,0x000000017ff90000)
  from space 24192K, 5% used [0x000000017ff90000,0x00000001800e8000,0x0000000181730000)
  to   space 24064K, 0% used [0x0000000181750000,0x0000000181750000,0x0000000182ed0000)
 ParOldGen       total 74368K, used 61086K [0x0000000115ed0000, 0x000000011a770000, 0x000000015e980000)
  object space 74368K, 82% used [0x0000000115ed0000,0x0000000119a77808,0x000000011a770000)
 PSPermGen       total 21248K, used 3947K [0x0000000110cd0000, 0x0000000112190000, 0x0000000115ed0000)
  object space 21248K, 18% used [0x0000000110cd0000,0x00000001110aafe8,0x0000000112190000)
Event: 4.466 GC heap after
Heap after GC invocations=12 (full 1):
 PSYoungGen      total 571072K, used 0K [0x000000015e980000, 0x0000000182ed0000, 0x0000000182ed0000)
  eden space 546880K, 0% used [0x000000015e980000,0x000000015e980000,0x000000017ff90000)
  from space 24192K, 0% used [0x000000017ff90000,0x000000017ff90000,0x0000000181730000)
  to   space 24064K, 0% used [0x0000000181750000,0x0000000181750000,0x0000000182ed0000)
 ParOldGen       total 126592K, used 61097K [0x0000000115ed0000, 0x000000011da70000, 0x000000015e980000)
  object space 126592K, 48% used [0x0000000115ed0000,0x0000000119a7a788,0x000000011da70000)
 PSPermGen       total 21248K, used 3945K [0x0000000110cd0000, 0x0000000112190000, 0x0000000115ed0000)
  object space 21248K, 18% used [0x0000000110cd0000,0x00000001110aa700,0x0000000112190000)
}

